<?xml version="1.0" encoding="UTF-8"?>
<testsuite xmlns:xsi="http://www.w3.org/2001/XMLSchema-instance" xsi:noNamespaceSchemaLocation="https://maven.apache.org/surefire/maven-surefire-plugin/xsd/surefire-test-report-3.0.xsd" version="3.0" name="TestSuite" time="27.914" tests="2" errors="0" skipped="0" failures="0">
  <properties>
[...]
</properties>
  <testcase name="testSearchFlights" classname="com.framework.yatra.tests.SearchFlightsTest" time="13.619">
    <system-out><![CDATA[.xlsx
.xlsx
.xlsx
No. of rows : 2
No. of columns : 6
Departure Pune
2
2
Inside Verify Title
]]></system-out>
    <system-err><![CDATA[Oct 04, 2020 4:19:22 PM org.openqa.selenium.remote.ProtocolHandshake createSession
INFO: Detected dialect: W3C
Oct 04, 2020 4:19:22 PM org.openqa.selenium.remote.ProtocolHandshake createSession
INFO: Detected dialect: W3C
]]></system-err>
  </testcase>
  <testcase name="bookingTest[{DestinationDate=25/10/2020, OriginDate=20/10/2020, Child=2, Adult=2, DepartFrom=Pune, ArrivalTo=Mumbai}](1)" classname="com.framework.yatra.tests.BookingTest" time="25.461">
    <system-out><![CDATA[Verify Text Flights
1
Adult
Adult
Adult
0
Child
Child
Inside Verify Title
]]></system-out>
  </testcase>
</testsuite>